2015-03-19 02:39:52:163 - info: Welcome to Appium v1.3.6 (REV 004f52f249d3513809e7d0734d9205d1fec19f8e)
2015-03-19 02:39:52:166 - info: Appium REST http interface listener started on 0.0.0.0:4723
2015-03-19 02:39:52:169 - info: [debug] Non-default server args: {"log":"/Users/itonozomi/sahagin-sample-code/ja-JP/java/appium.log"}
2015-03-19 02:39:52:169 - info: Console LogLevel: debug
2015-03-19 02:39:52:170 - info: File LogLevel: debug
2015-03-19 02:40:49:762 - info: --> POST /wd/hub/session {"desiredCapabilities":{"platformVersion":"8.2","app":"/Users/itonozomi/sahagin-sample-code/ja-JP/java/../../apps/TestApp/TestApp.app","deviceName":"iPhone 5","platformName":"iOS"}}
2015-03-19 02:40:49:764 - info: Client User-Agent string: Apache-HttpClient/4.3.3 (java 1.5)
2015-03-19 02:40:49:767 - info: [debug] Using local app from desired caps: /Users/itonozomi/sahagin-sample-code/apps/TestApp/TestApp.app
2015-03-19 02:40:49:768 - info: [debug] Creating new appium session a1452848-613f-47ed-a15f-99bacda30e2b
2015-03-19 02:40:49:771 - info: [debug] Removing any remaining instruments sockets
2015-03-19 02:40:49:772 - info: [debug] Cleaned up instruments socket /tmp/instruments_sock
2015-03-19 02:40:49:772 - info: [debug] Setting Xcode folder
2015-03-19 02:40:49:783 - info: [debug] Setting Xcode version
2015-03-19 02:40:49:899 - info: [debug] Setting iOS SDK Version
2015-03-19 02:40:49:956 - info: [debug] Getting sdk version from xcrun with a timeout
2015-03-19 02:40:49:965 - info: [debug] iOS SDK Version set to 8.2
2015-03-19 02:40:49:965 - info: [debug] Checking whether instruments supports our device string
2015-03-19 02:40:49:966 - info: [debug] Getting list of devices instruments supports
2015-03-19 02:40:49:972 - info: [debug] Instruments is at: /Applications/Xcode.app/Contents/Developer/usr/bin/instruments
2015-03-19 02:40:51:248 - info: [debug] Getting device string from opts: {"forceIphone":false,"forceIpad":false,"xcodeVersion":"6.2","iOSSDKVersion":"8.2","deviceName":"iPhone 5","platformVersion":"8.2"}
2015-03-19 02:40:51:248 - info: [debug] fixDevice is on
2015-03-19 02:40:51:248 - info: [debug] Final device string is: 'iPhone 5 (8.2 Simulator)'
2015-03-19 02:40:51:248 - info: [debug] iOS sim UDID is DFACBA0F-6859-472A-923D-4AA7E3E32997
2015-03-19 02:40:51:249 - info: [debug] Detecting automation tracetemplate
2015-03-19 02:40:51:254 - info: [debug] Not auto-detecting udid, running on sim
2015-03-19 02:40:51:258 - info: [debug] Parsed app Info.plist (as binary)
2015-03-19 02:40:51:259 - info: [debug] Parsed app Localizable.strings
2015-03-19 02:40:51:259 - info: [debug] Getting bundle ID from app
2015-03-19 02:40:51:261 - info: [debug] Parsed app Info.plist (as binary)
2015-03-19 02:40:51:261 - info: [debug] Creating instruments
2015-03-19 02:40:51:262 - info: On some xcode 6 platforms, instruments-without-delay does not work. If you experience this, you will need to re-run appium with the --native-instruments-lib flag
2015-03-19 02:40:51:262 - info: [debug] Preparing uiauto bootstrap
2015-03-19 02:40:51:262 - info: [debug] Dynamic bootstrap dir: /Users/itonozomi/Library/Application Support/appium/bootstrap
2015-03-19 02:40:51:263 - info: [debug] Dynamic env: {"nodePath":"/usr/local/Cellar/node/0.12.0/bin/node","commandProxyClientPath":"/usr/local/lib/node_modules/appium/node_modules/appium-uiauto/bin/command-proxy-client.js","instrumentsSock":"/tmp/instruments_sock","interKeyDelay":null,"justLoopInfinitely":false,"autoAcceptAlerts":false,"autoDismissAlerts":false,"sendKeyStrategy":"oneByOne"}
2015-03-19 02:40:51:278 - info: [debug] Dynamic bootstrap code: // This file is automatically generated. Do not manually modify!...
2015-03-19 02:40:51:278 - info: [debug] Dynamic bootstrap path: /Users/itonozomi/Library/Application Support/appium/bootstrap/bootstrap-dea1a1242b3bfb9b.js
2015-03-19 02:40:51:283 - info: [debug] Reusing dynamic bootstrap: /Users/itonozomi/Library/Application Support/appium/bootstrap/bootstrap-dea1a1242b3bfb9b.js
2015-03-19 02:40:51:284 - info: [debug] Getting device string from opts: {"forceIphone":false,"forceIpad":false,"xcodeVersion":"6.2","iOSSDKVersion":"8.2","deviceName":"iPhone 5","platformVersion":"8.2"}
2015-03-19 02:40:51:285 - info: [debug] fixDevice is on
2015-03-19 02:40:51:285 - info: [debug] Final device string is: 'iPhone 5 (8.2 Simulator)'
2015-03-19 02:40:51:286 - info: [debug] We're on iOS7.1+ so forcing defaultDevice on
2015-03-19 02:40:51:287 - info: [debug] Getting device string from opts: {"forceIphone":false,"forceIpad":false,"xcodeVersion":"6.2","iOSSDKVersion":"8.2","deviceName":"iPhone 5","platformVersion":"8.2"}
2015-03-19 02:40:51:287 - info: [debug] fixDevice is on
2015-03-19 02:40:51:287 - info: [debug] Final device string is: 'iPhone 5 (8.2 Simulator)'
2015-03-19 02:40:51:288 - info: [debug] Parsed app Info.plist (as binary)
2015-03-19 02:40:51:293 - info: [debug] Wrote new app Info.plist with device type
2015-03-19 02:40:51:294 - info: [debug] Checking whether we need to set app preferences
2015-03-19 02:40:51:294 - info: [debug] Running ios sim reset flow
2015-03-19 02:40:51:295 - info: [debug] Killing the simulator process
2015-03-19 02:40:51:295 - info: [debug] Killall iOS Simulator
2015-03-19 02:40:51:297 - info: [debug] Killing any other simulator daemons
2015-03-19 02:40:51:344 - info: [debug] Cleaning sim data files
2015-03-19 02:40:51:347 - info: Executing: xcrun simctl erase DFACBA0F-6859-472A-923D-4AA7E3E32997 with timeout 2000
2015-03-19 02:40:51:750 - info: [debug] Cleaning app data files
2015-03-19 02:40:51:751 - warn: Applications directory /Users/itonozomi/Library/Developer/CoreSimulator/Devices/DFACBA0F-6859-472A-923D-4AA7E3E32997/data/Containers/Data/Application doesn't exist. Have you run this simulator before?
2015-03-19 02:40:51:752 - warn: Applications directory /Users/itonozomi/Library/Developer/CoreSimulator/Devices/DFACBA0F-6859-472A-923D-4AA7E3E32997/data/Containers/Bundle/Application doesn't exist. Have you run this simulator before?
2015-03-19 02:40:51:752 - info: Couldn't find app directories to delete. Probably it's not installed
2015-03-19 02:40:51:752 - info: [debug] Not setting locale
2015-03-19 02:40:51:752 - info: [debug] No iOS / app preferences to set
2015-03-19 02:40:51:754 - info: [debug] Starting iOS 8.* simulator log capture
2015-03-19 02:40:51:776 - info: [debug] Not pre-launching simulator
2015-03-19 02:40:51:776 - info: [debug] No device id or app, not installing to real device.
2015-03-19 02:40:51:777 - info: [debug] Starting command proxy.
2015-03-19 02:40:51:778 - info: [debug] Instruments socket server started at /tmp/instruments_sock
2015-03-19 02:40:51:778 - info: [debug] Starting instruments
2015-03-19 02:40:51:786 - info: [debug] Instruments is at: /Applications/Xcode.app/Contents/Developer/usr/bin/instruments
2015-03-19 02:40:51:789 - info: Launching instruments
2015-03-19 02:40:51:793 - info: [debug] Attempting to run app on iPhone 5 (8.2 Simulator)
2015-03-19 02:40:51:794 - info: [debug] Spawning instruments with command: /Applications/Xcode.app/Contents/Developer/usr/bin/instruments -t /Applications/Xcode.app/Contents/Applications/Instruments.app/Contents/PlugIns/AutomationInstrument.xrplugin/Contents/Resources/Automation.tracetemplate -D /tmp/appium-instruments/instrumentscli0.trace -w "iPhone 5 (8.2 Simulator)" /Users/itonozomi/sahagin-sample-code/apps/TestApp/TestApp.app -e UIASCRIPT "/Users/itonozomi/Library/Application Support/appium/bootstrap/bootstrap-dea1a1242b3bfb9b.js" -e UIARESULTSPATH /tmp/appium-instruments
2015-03-19 02:40:51:794 - info: [debug] And extra without-delay env: {"DYLD_INSERT_LIBRARIES":"/usr/local/lib/node_modules/appium/node_modules/appium-instruments/thirdparty/iwd6/InstrumentsShim.dylib","LIB_PATH":"/usr/local/lib/node_modules/appium/node_modules/appium-instruments/thirdparty/iwd6"}
2015-03-19 02:40:51:794 - info: [debug] And launch timeouts (in ms): {"global":90000}
2015-03-19 02:40:52:294 - info: [debug] [INST] Waiting for device to boot...
2015-03-19 02:40:54:984 - info: <-- POST /wd/hub/session - - ms - - 
